::1 - - [22/May/2021:18:55:48 +0000] "GET /emp?searchBy=emp_id:=:1 HTTP/1.1" 200 73 "-" "PostmanRuntime/7.28.0"
::1 - - [22/May/2021:18:57:10 +0000] "GET /emp HTTP/1.1" 200 434 "-" "PostmanRuntime/7.28.0"
::1 - - [22/May/2021:18:57:20 +0000] "DELETE /emp/6 HTTP/1.1" 200 16 "-" "PostmanRuntime/7.28.0"
::1 - - [22/May/2021:18:57:25 +0000] "GET /emp HTTP/1.1" 200 365 "-" "PostmanRuntime/7.28.0"
::1 - - [23/May/2021:05:41:10 +0000] "GET /emp HTTP/1.1" 200 365 "-" "PostmanRuntime/7.28.0"
::1 - - [23/May/2021:05:41:33 +0000] "PUT /emp HTTP/1.1" 200 16 "-" "PostmanRuntime/7.28.0"
::1 - - [23/May/2021:05:41:47 +0000] "GET /emp HTTP/1.1" 200 365 "-" "PostmanRuntime/7.28.0"
::ffff:127.0.0.1 - - [23/May/2021:05:44:47 +0000] "PUT /emp HTTP/1.1" 200 16 "-" "PostmanRuntime/7.28.0"
::1 - - [23/May/2021:05:44:55 +0000] "PUT /emp HTTP/1.1" 200 16 "-" "PostmanRuntime/7.28.0"
::1 - - [23/May/2021:05:45:15 +0000] "PUT /emp HTTP/1.1" 200 16 "-" "PostmanRuntime/7.28.0"
::1 - - [23/May/2021:05:45:58 +0000] "PUT /emp HTTP/1.1" 200 16 "-" "PostmanRuntime/7.28.0"
::1 - - [23/May/2021:05:46:29 +0000] "GET /emp HTTP/1.1" 200 356 "-" "PostmanRuntime/7.28.0"
::1 - - [23/May/2021:05:46:42 +0000] "PUT /emp HTTP/1.1" 400 29 "-" "PostmanRuntime/7.28.0"
::1 - - [23/May/2021:05:47:34 +0000] "PUT /emp HTTP/1.1" 400 29 "-" "PostmanRuntime/7.28.0"
::1 - - [23/May/2021:05:47:39 +0000] "PUT /emp HTTP/1.1" 200 26 "-" "PostmanRuntime/7.28.0"
::1 - - [23/May/2021:05:47:45 +0000] "DELETE /emp/6 HTTP/1.1" 200 26 "-" "PostmanRuntime/7.28.0"
::1 - - [23/May/2021:05:49:27 +0000] "DELETE /emp/6 HTTP/1.1" 400 24 "-" "PostmanRuntime/7.28.0"
::1 - - [23/May/2021:05:49:31 +0000] "GET /emp HTTP/1.1" 200 348 "-" "PostmanRuntime/7.28.0"
::1 - - [23/May/2021:05:49:42 +0000] "DELETE /emp/7 HTTP/1.1" 200 26 "-" "PostmanRuntime/7.28.0"
::1 - - [23/May/2021:05:49:47 +0000] "GET /emp HTTP/1.1" 200 280 "-" "PostmanRuntime/7.28.0"
::1 - - [23/May/2021:05:50:11 +0000] "PUT /emp HTTP/1.1" 400 28 "-" "PostmanRuntime/7.28.0"
::1 - - [23/May/2021:05:50:26 +0000] "PUT /emp HTTP/1.1" 200 26 "-" "PostmanRuntime/7.28.0"
::1 - - [23/May/2021:05:50:29 +0000] "GET /emp HTTP/1.1" 200 283 "-" "PostmanRuntime/7.28.0"
::1 - - [23/May/2021:05:51:09 +0000] "PUT /emp HTTP/1.1" 200 26 "-" "PostmanRuntime/7.28.0"
::1 - - [23/May/2021:05:51:13 +0000] "GET /emp HTTP/1.1" 200 276 "-" "PostmanRuntime/7.28.0"
::1 - - [23/May/2021:05:51:31 +0000] "PUT /emp HTTP/1.1" 200 26 "-" "PostmanRuntime/7.28.0"
::1 - - [23/May/2021:05:51:36 +0000] "GET /emp HTTP/1.1" 200 276 "-" "PostmanRuntime/7.28.0"
::1 - - [23/May/2021:05:51:43 +0000] "PUT /emp HTTP/1.1" 400 351 "-" "PostmanRuntime/7.28.0"
::1 - - [23/May/2021:05:55:05 +0000] "GET /dept?searchBy=dept_id:=:1 HTTP/1.1" 200 35 "-" "PostmanRuntime/7.28.0"
::1 - - [23/May/2021:05:55:10 +0000] "GET /dept HTTP/1.1" 200 81 "-" "PostmanRuntime/7.28.0"
::1 - - [23/May/2021:05:55:16 +0000] "DELETE /dept/2 HTTP/1.1" 400 30 "-" "PostmanRuntime/7.28.0"
::1 - - [23/May/2021:05:55:28 +0000] "DELETE /dept/1 HTTP/1.1" 200 18 "-" "PostmanRuntime/7.28.0"
::1 - - [23/May/2021:05:55:36 +0000] "GET /emp HTTP/1.1" 200 205 "-" "PostmanRuntime/7.28.0"
::1 - - [23/May/2021:05:55:53 +0000] "POST /emp HTTP/1.1" 400 351 "-" "PostmanRuntime/7.28.0"
::1 - - [23/May/2021:05:56:10 +0000] "POST /dept HTTP/1.1" 200 39 "-" "PostmanRuntime/7.28.0"
::1 - - [23/May/2021:05:56:17 +0000] "POST /emp HTTP/1.1" 200 71 "-" "PostmanRuntime/7.28.0"
::1 - - [23/May/2021:05:56:28 +0000] "GET /emp HTTP/1.1" 200 277 "-" "PostmanRuntime/7.28.0"
